<?xml version="1.0" encoding="UTF-8"?>
<coverage generated="1738916687348" clover="3.2.0">
  <project timestamp="1738916687348" name="All files">
    <metrics statements="8" coveredstatements="8" conditionals="2" coveredconditionals="2" methods="2" coveredmethods="2" elements="12" coveredelements="12" complexity="0" loc="8" ncloc="8" packages="1" files="1" classes="1"/>
    <file name="capitalize.js" path="/home/akram/the-odin-project/testing-practice/capitalize.js">
      <metrics statements="8" coveredstatements="8" conditionals="2" coveredconditionals="2" methods="2" coveredmethods="2"/>
      <line num="2" count="14" type="stmt"/>
      <line num="6" count="7" type="stmt"/>
      <line num="7" count="7" type="stmt"/>
      <line num="8" count="14" type="cond" truecount="2" falsecount="0"/>
      <line num="9" count="6" type="stmt"/>
      <line num="11" count="8" type="stmt"/>
      <line num="14" count="1" type="stmt"/>
      <line num="17" count="1" type="stmt"/>
    </file>
  </project>
</coverage>
