{"/home/akram/the-odin-project/testing-practice/capitalize.js": {"path":"/home/akram/the-odin-project/testing-practice/capitalize.js","statementMap":{"0":{"start":{"line":2,"column":4},"end":{"line":2,"column":32}},"1":{"start":{"line":6,"column":19},"end":{"line":6,"column":21}},"2":{"start":{"line":7,"column":4},"end":{"line":13,"column":5}},"3":{"start":{"line":7,"column":16},"end":{"line":7,"column":17}},"4":{"start":{"line":8,"column":8},"end":{"line":12,"column":9}},"5":{"start":{"line":9,"column":12},"end":{"line":9,"column":82}},"6":{"start":{"line":11,"column":12},"end":{"line":11,"column":41}},"7":{"start":{"line":14,"column":4},"end":{"line":14,"column":20}},"8":{"start":{"line":17,"column":0},"end":{"line":17,"column":28}}},"fnMap":{"0":{"name":"isChar","decl":{"start":{"line":1,"column":9},"end":{"line":1,"column":15}},"loc":{"start":{"line":1,"column":19},"end":{"line":3,"column":1}},"line":1},"1":{"name":"capitalize","decl":{"start":{"line":5,"column":9},"end":{"line":5,"column":19}},"loc":{"start":{"line":5,"column":27},"end":{"line":15,"column":1}},"line":5}},"branchMap":{"0":{"loc":{"start":{"line":8,"column":8},"end":{"line":12,"column":9}},"type":"if","locations":[{"start":{"line":8,"column":8},"end":{"line":12,"column":9}},{"start":{"line":10,"column":13},"end":{"line":12,"column":9}}],"line":8}},"s":{"0":14,"1":7,"2":7,"3":7,"4":14,"5":6,"6":8,"7":1,"8":1},"f":{"0":14,"1":7},"b":{"0":[6,8]},"_coverageSchema":"1a1c01bbd47fc00a2c39e90264f33305004495a9","hash":"164148fc47033dbb8ce841256bff56664f0451a3"}
}
